<?xml version="1.0" encoding="UTF-8"?>
<testsuite xmlns:xsi="http://www.w3.org/2001/XMLSchema-instance" xsi:noNamespaceSchemaLocation="https://maven.apache.org/surefire/maven-surefire-plugin/xsd/surefire-test-report.xsd" name="com.test.mybatis.TestCheckMybatis" time="0.239" tests="3" errors="1" skipped="0" failures="0">
  <properties>
    <property name="sun.desktop" value="windows"/>
    <property name="awt.toolkit" value="sun.awt.windows.WToolkit"/>
    <property name="java.specification.version" value="9"/>
    <property name="file.encoding.pkg" value="sun.io"/>
    <property name="sun.cpu.isalist" value="amd64"/>
    <property name="sun.jnu.encoding" value="GBK"/>
    <property name="java.class.path" value="D:\GraduationProject\PmOA\target\test-classes;D:\GraduationProject\PmOA\target\classes;D:\Maven\LocalWarehouse\org\aspectj\aspectjweaver\1.9.5\aspectjweaver-1.9.5.jar;D:\Maven\LocalWarehouse\org\springframework\spring-aop\5.0.2.RELEASE\spring-aop-5.0.2.RELEASE.jar;D:\Maven\LocalWarehouse\org\springframework\spring-beans\5.0.2.RELEASE\spring-beans-5.0.2.RELEASE.jar;D:\Maven\LocalWarehouse\org\springframework\spring-core\5.0.2.RELEASE\spring-core-5.0.2.RELEASE.jar;D:\Maven\LocalWarehouse\org\springframework\spring-jcl\5.0.2.RELEASE\spring-jcl-5.0.2.RELEASE.jar;D:\Maven\LocalWarehouse\org\springframework\spring-context\5.0.2.RELEASE\spring-context-5.0.2.RELEASE.jar;D:\Maven\LocalWarehouse\org\springframework\spring-expression\5.0.2.RELEASE\spring-expression-5.0.2.RELEASE.jar;D:\Maven\LocalWarehouse\org\springframework\spring-web\5.0.2.RELEASE\spring-web-5.0.2.RELEASE.jar;D:\Maven\LocalWarehouse\org\springframework\spring-webmvc\5.0.2.RELEASE\spring-webmvc-5.0.2.RELEASE.jar;D:\Maven\LocalWarehouse\org\springframework\spring-test\5.0.2.RELEASE\spring-test-5.0.2.RELEASE.jar;D:\Maven\LocalWarehouse\org\springframework\spring-tx\5.0.2.RELEASE\spring-tx-5.0.2.RELEASE.jar;D:\Maven\LocalWarehouse\org\springframework\spring-jdbc\5.0.2.RELEASE\spring-jdbc-5.0.2.RELEASE.jar;D:\Maven\LocalWarehouse\junit\junit\4.12\junit-4.12.jar;D:\Maven\LocalWarehouse\org\hamcrest\hamcrest-core\1.3\hamcrest-core-1.3.jar;D:\Maven\LocalWarehouse\mysql\mysql-connector-java\5.1.6\mysql-connector-java-5.1.6.jar;D:\Maven\LocalWarehouse\javax\servlet\javax.servlet-api\3.1.0\javax.servlet-api-3.1.0.jar;D:\Maven\LocalWarehouse\javax\servlet\jsp\jsp-api\2.0\jsp-api-2.0.jar;D:\Maven\LocalWarehouse\jstl\jstl\1.2\jstl-1.2.jar;D:\Maven\LocalWarehouse\log4j\log4j\1.2.12\log4j-1.2.12.jar;D:\Maven\LocalWarehouse\org\slf4j\slf4j-api\1.6.6\slf4j-api-1.6.6.jar;D:\Maven\LocalWarehouse\org\slf4j\slf4j-log4j12\1.6.6\slf4j-log4j12-1.6.6.jar;D:\Maven\LocalWarehouse\org\mybatis\mybatis\3.4.5\mybatis-3.4.5.jar;D:\Maven\LocalWarehouse\org\mybatis\mybatis-spring\1.3.0\mybatis-spring-1.3.0.jar;D:\Maven\LocalWarehouse\c3p0\c3p0\0.9.1.2\c3p0-0.9.1.2.jar;D:\Maven\LocalWarehouse\com\fasterxml\jackson\core\jackson-annotations\2.9.6\jackson-annotations-2.9.6.jar;D:\Maven\LocalWarehouse\com\fasterxml\jackson\core\jackson-databind\2.9.6\jackson-databind-2.9.6.jar;D:\Maven\LocalWarehouse\com\fasterxml\jackson\core\jackson-core\2.9.6\jackson-core-2.9.6.jar;D:\Maven\LocalWarehouse\org\codehaus\jackson\jackson-mapper-asl\1.9.13\jackson-mapper-asl-1.9.13.jar;D:\Maven\LocalWarehouse\org\codehaus\jackson\jackson-core-asl\1.9.13\jackson-core-asl-1.9.13.jar;D:\Maven\LocalWarehouse\com\github\pagehelper\pagehelper\5.1.8\pagehelper-5.1.8.jar;D:\Maven\LocalWarehouse\com\github\jsqlparser\jsqlparser\1.2\jsqlparser-1.2.jar;D:\Maven\LocalWarehouse\com\github\pagehelper\pagehelper-spring-boot-autoconfigure\1.2.10\pagehelper-spring-boot-autoconfigure-1.2.10.jar;D:\Maven\LocalWarehouse\org\springframework\boot\spring-boot-autoconfigure\2.0.1.RELEASE\spring-boot-autoconfigure-2.0.1.RELEASE.jar;D:\Maven\LocalWarehouse\org\springframework\boot\spring-boot\2.0.1.RELEASE\spring-boot-2.0.1.RELEASE.jar;D:\Maven\LocalWarehouse\com\github\pagehelper\pagehelper-spring-boot-starter\1.2.10\pagehelper-spring-boot-starter-1.2.10.jar;D:\Maven\LocalWarehouse\org\springframework\boot\spring-boot-starter\2.0.1.RELEASE\spring-boot-starter-2.0.1.RELEASE.jar;D:\Maven\LocalWarehouse\org\springframework\boot\spring-boot-starter-logging\2.0.1.RELEASE\spring-boot-starter-logging-2.0.1.RELEASE.jar;D:\Maven\LocalWarehouse\ch\qos\logback\logback-classic\1.2.3\logback-classic-1.2.3.jar;D:\Maven\LocalWarehouse\ch\qos\logback\logback-core\1.2.3\logback-core-1.2.3.jar;D:\Maven\LocalWarehouse\org\apache\logging\log4j\log4j-to-slf4j\2.10.0\log4j-to-slf4j-2.10.0.jar;D:\Maven\LocalWarehouse\org\apache\logging\log4j\log4j-api\2.10.0\log4j-api-2.10.0.jar;D:\Maven\LocalWarehouse\org\slf4j\jul-to-slf4j\1.7.25\jul-to-slf4j-1.7.25.jar;D:\Maven\LocalWarehouse\javax\annotation\javax.annotation-api\1.3.2\javax.annotation-api-1.3.2.jar;D:\Maven\LocalWarehouse\org\yaml\snakeyaml\1.19\snakeyaml-1.19.jar;D:\Maven\LocalWarehouse\org\mybatis\spring\boot\mybatis-spring-boot-starter\1.3.2\mybatis-spring-boot-starter-1.3.2.jar;D:\Maven\LocalWarehouse\org\springframework\boot\spring-boot-starter-jdbc\1.5.10.RELEASE\spring-boot-starter-jdbc-1.5.10.RELEASE.jar;D:\Maven\LocalWarehouse\org\apache\tomcat\tomcat-jdbc\8.5.27\tomcat-jdbc-8.5.27.jar;D:\Maven\LocalWarehouse\org\apache\tomcat\tomcat-juli\8.5.27\tomcat-juli-8.5.27.jar;D:\Maven\LocalWarehouse\org\mybatis\spring\boot\mybatis-spring-boot-autoconfigure\1.3.2\mybatis-spring-boot-autoconfigure-1.3.2.jar;D:\Maven\LocalWarehouse\commons-fileupload\commons-fileupload\1.3.1\commons-fileupload-1.3.1.jar;D:\Maven\LocalWarehouse\commons-io\commons-io\2.4\commons-io-2.4.jar;D:\Maven\LocalWarehouse\org\apache\poi\poi-ooxml\4.0.0\poi-ooxml-4.0.0.jar;D:\Maven\LocalWarehouse\org\apache\commons\commons-compress\1.18\commons-compress-1.18.jar;D:\Maven\LocalWarehouse\com\github\virtuald\curvesapi\1.04\curvesapi-1.04.jar;D:\Maven\LocalWarehouse\org\apache\poi\poi\4.0.0\poi-4.0.0.jar;D:\Maven\LocalWarehouse\commons-codec\commons-codec\1.10\commons-codec-1.10.jar;D:\Maven\LocalWarehouse\org\apache\commons\commons-collections4\4.2\commons-collections4-4.2.jar;D:\Maven\LocalWarehouse\org\apache\poi\poi-scratchpad\4.0.0\poi-scratchpad-4.0.0.jar;D:\Maven\LocalWarehouse\org\apache\poi\poi-ooxml-schemas\4.0.0\poi-ooxml-schemas-4.0.0.jar;D:\Maven\LocalWarehouse\org\apache\xmlbeans\xmlbeans\3.0.1\xmlbeans-3.0.1.jar;D:\Maven\LocalWarehouse\org\apache\shiro\shiro-core\1.2.1\shiro-core-1.2.1.jar;D:\Maven\LocalWarehouse\commons-beanutils\commons-beanutils\1.8.3\commons-beanutils-1.8.3.jar;D:\Maven\LocalWarehouse\org\apache\shiro\shiro-web\1.2.1\shiro-web-1.2.1.jar;D:\Maven\LocalWarehouse\org\apache\shiro\shiro-ehcache\1.2.1\shiro-ehcache-1.2.1.jar;D:\Maven\LocalWarehouse\net\sf\ehcache\ehcache-core\2.5.0\ehcache-core-2.5.0.jar;D:\Maven\LocalWarehouse\org\apache\shiro\shiro-spring\1.2.1\shiro-spring-1.2.1.jar;D:\Maven\LocalWarehouse\javax\activation\activation\1.1\activation-1.1.jar;D:\Maven\LocalWarehouse\org\activiti\activiti-bpmn-model\5.22.0\activiti-bpmn-model-5.22.0.jar;D:\Maven\LocalWarehouse\org\apache\commons\commons-lang3\3.3.2\commons-lang3-3.3.2.jar;D:\Maven\LocalWarehouse\org\activiti\activiti-bpmn-converter\5.22.0\activiti-bpmn-converter-5.22.0.jar;D:\Maven\LocalWarehouse\org\slf4j\jcl-over-slf4j\1.7.6\jcl-over-slf4j-1.7.6.jar;D:\Maven\LocalWarehouse\joda-time\joda-time\2.6\joda-time-2.6.jar;D:\Maven\LocalWarehouse\org\activiti\activiti-bpmn-layout\5.22.0\activiti-bpmn-layout-5.22.0.jar;D:\Maven\LocalWarehouse\org\tinyjee\jgraphx\jgraphx\1.10.4.1\jgraphx-1.10.4.1.jar;D:\Maven\LocalWarehouse\org\activiti\activiti-common-rest\5.22.0\activiti-common-rest-5.22.0.jar;D:\Maven\LocalWarehouse\org\activiti\activiti-engine\5.22.0\activiti-engine-5.22.0.jar;D:\Maven\LocalWarehouse\org\apache\commons\commons-email\1.4\commons-email-1.4.jar;D:\Maven\LocalWarehouse\com\sun\mail\javax.mail\1.5.2\javax.mail-1.5.2.jar;D:\Maven\LocalWarehouse\org\activiti\activiti-crystalball\5.22.0\activiti-crystalball-5.22.0.jar;D:\Maven\LocalWarehouse\org\activiti\activiti-diagram-rest\5.22.0\activiti-diagram-rest-5.22.0.jar;D:\Maven\LocalWarehouse\org\springframework\security\spring-security-config\3.2.3.RELEASE\spring-security-config-3.2.3.RELEASE.jar;D:\Maven\LocalWarehouse\aopalliance\aopalliance\1.0\aopalliance-1.0.jar;D:\Maven\LocalWarehouse\org\springframework\security\spring-security-core\3.2.3.RELEASE\spring-security-core-3.2.3.RELEASE.jar;D:\Maven\LocalWarehouse\org\springframework\security\spring-security-crypto\3.2.3.RELEASE\spring-security-crypto-3.2.3.RELEASE.jar;D:\Maven\LocalWarehouse\org\springframework\security\spring-security-web\3.2.3.RELEASE\spring-security-web-3.2.3.RELEASE.jar;D:\Maven\LocalWarehouse\org\activiti\activiti-explorer\5.22.0\activiti-explorer-5.22.0.jar;D:\Maven\LocalWarehouse\org\activiti\activiti-spring\5.22.0\activiti-spring-5.22.0.jar;D:\Maven\LocalWarehouse\org\springframework\spring-orm\4.1.5.RELEASE\spring-orm-4.1.5.RELEASE.jar;D:\Maven\LocalWarehouse\com\vaadin\vaadin\6.8.8\vaadin-6.8.8.jar;D:\Maven\LocalWarehouse\commons-dbcp\commons-dbcp\1.4\commons-dbcp-1.4.jar;D:\Maven\LocalWarehouse\commons-pool\commons-pool\1.5.4\commons-pool-1.5.4.jar;D:\Maven\LocalWarehouse\com\h2database\h2\1.3.176\h2-1.3.176.jar;D:\Maven\LocalWarehouse\org\imgscalr\imgscalr-lib\4.2\imgscalr-lib-4.2.jar;D:\Maven\LocalWarehouse\org\codehaus\groovy\groovy-all\2.4.5\groovy-all-2.4.5.jar;D:\Maven\LocalWarehouse\org\vaadin\addons\dcharts-widget\0.10.0\dcharts-widget-0.10.0.jar;D:\Maven\LocalWarehouse\org\activiti\activiti-image-generator\5.22.0\activiti-image-generator-5.22.0.jar;D:\Maven\LocalWarehouse\org\activiti\activiti-json-converter\5.22.0\activiti-json-converter-5.22.0.jar;D:\Maven\LocalWarehouse\math\geom2d\javaGeom\0.11.1\javaGeom-0.11.1.jar;D:\Maven\LocalWarehouse\org\activiti\activiti-modeler\5.22.0\activiti-modeler-5.22.0.jar;D:\Maven\LocalWarehouse\org\apache\xmlgraphics\batik-parser\1.7\batik-parser-1.7.jar;D:\Maven\LocalWarehouse\org\apache\xmlgraphics\batik-awt-util\1.7\batik-awt-util-1.7.jar;D:\Maven\LocalWarehouse\org\apache\xmlgraphics\batik-util\1.7\batik-util-1.7.jar;D:\Maven\LocalWarehouse\org\apache\xmlgraphics\batik-xml\1.7\batik-xml-1.7.jar;D:\Maven\LocalWarehouse\org\apache\xmlgraphics\batik-transcoder\1.7\batik-transcoder-1.7.jar;D:\Maven\LocalWarehouse\org\apache\xmlgraphics\fop\0.94\fop-0.94.jar;D:\Maven\LocalWarehouse\org\apache\xmlgraphics\xmlgraphics-commons\1.2\xmlgraphics-commons-1.2.jar;D:\Maven\LocalWarehouse\commons-logging\commons-logging\1.0.4\commons-logging-1.0.4.jar;D:\Maven\LocalWarehouse\org\apache\avalon\framework\avalon-framework-api\4.3.1\avalon-framework-api-4.3.1.jar;D:\Maven\LocalWarehouse\org\apache\avalon\framework\avalon-framework-impl\4.3.1\avalon-framework-impl-4.3.1.jar;D:\Maven\LocalWarehouse\org\apache\xmlgraphics\batik-dom\1.7\batik-dom-1.7.jar;D:\Maven\LocalWarehouse\org\apache\xmlgraphics\batik-gvt\1.7\batik-gvt-1.7.jar;D:\Maven\LocalWarehouse\xml-apis\xml-apis-ext\1.3.04\xml-apis-ext-1.3.04.jar;D:\Maven\LocalWarehouse\org\apache\xmlgraphics\batik-bridge\1.7\batik-bridge-1.7.jar;D:\Maven\LocalWarehouse\org\apache\xmlgraphics\batik-anim\1.7\batik-anim-1.7.jar;D:\Maven\LocalWarehouse\org\apache\xmlgraphics\batik-ext\1.7\batik-ext-1.7.jar;D:\Maven\LocalWarehouse\org\apache\xmlgraphics\batik-script\1.7\batik-script-1.7.jar;D:\Maven\LocalWarehouse\org\apache\xmlgraphics\batik-js\1.7\batik-js-1.7.jar;D:\Maven\LocalWarehouse\xml-apis\xml-apis\1.3.04\xml-apis-1.3.04.jar;D:\Maven\LocalWarehouse\org\apache\xmlgraphics\batik-codec\1.7\batik-codec-1.7.jar;D:\Maven\LocalWarehouse\org\apache\xmlgraphics\batik-css\1.7\batik-css-1.7.jar;D:\Maven\LocalWarehouse\org\apache\xmlgraphics\batik-svg-dom\1.7\batik-svg-dom-1.7.jar;D:\Maven\LocalWarehouse\org\apache\xmlgraphics\batik-svggen\1.7\batik-svggen-1.7.jar;D:\Maven\LocalWarehouse\org\activiti\activiti-simple-workflow\5.22.0\activiti-simple-workflow-5.22.0.jar;D:\Maven\LocalWarehouse\org\activiti\activiti-process-validation\5.22.0\activiti-process-validation-5.22.0.jar;"/>
    <property name="java.vm.vendor" value="Oracle Corporation"/>
    <property name="sun.arch.data.model" value="64"/>
    <property name="user.variant" value=""/>
    <property name="java.vendor.url" value="http://java.oracle.com/"/>
    <property name="user.timezone" value="Asia/Shanghai"/>
    <property name="java.vm.specification.version" value="9"/>
    <property name="os.name" value="Windows 10"/>
    <property name="sun.java.launcher" value="SUN_STANDARD"/>
    <property name="user.country" value="CN"/>
    <property name="sun.boot.library.path" value="D:\Java\jdk-9\bin"/>
    <property name="sun.java.command" value="C:\Users\61958\AppData\Local\Temp\surefire4481374743422120994\surefirebooter12736317421967831521.jar C:\Users\61958\AppData\Local\Temp\surefire4481374743422120994 2020-05-25T08-54-00_487-jvmRun1 surefire12663082741146704098tmp surefire_02933667036489415212tmp"/>
    <property name="jdk.debug" value="release"/>
    <property name="surefire.test.class.path" value="D:\GraduationProject\PmOA\target\test-classes;D:\GraduationProject\PmOA\target\classes;D:\Maven\LocalWarehouse\org\aspectj\aspectjweaver\1.9.5\aspectjweaver-1.9.5.jar;D:\Maven\LocalWarehouse\org\springframework\spring-aop\5.0.2.RELEASE\spring-aop-5.0.2.RELEASE.jar;D:\Maven\LocalWarehouse\org\springframework\spring-beans\5.0.2.RELEASE\spring-beans-5.0.2.RELEASE.jar;D:\Maven\LocalWarehouse\org\springframework\spring-core\5.0.2.RELEASE\spring-core-5.0.2.RELEASE.jar;D:\Maven\LocalWarehouse\org\springframework\spring-jcl\5.0.2.RELEASE\spring-jcl-5.0.2.RELEASE.jar;D:\Maven\LocalWarehouse\org\springframework\spring-context\5.0.2.RELEASE\spring-context-5.0.2.RELEASE.jar;D:\Maven\LocalWarehouse\org\springframework\spring-expression\5.0.2.RELEASE\spring-expression-5.0.2.RELEASE.jar;D:\Maven\LocalWarehouse\org\springframework\spring-web\5.0.2.RELEASE\spring-web-5.0.2.RELEASE.jar;D:\Maven\LocalWarehouse\org\springframework\spring-webmvc\5.0.2.RELEASE\spring-webmvc-5.0.2.RELEASE.jar;D:\Maven\LocalWarehouse\org\springframework\spring-test\5.0.2.RELEASE\spring-test-5.0.2.RELEASE.jar;D:\Maven\LocalWarehouse\org\springframework\spring-tx\5.0.2.RELEASE\spring-tx-5.0.2.RELEASE.jar;D:\Maven\LocalWarehouse\org\springframework\spring-jdbc\5.0.2.RELEASE\spring-jdbc-5.0.2.RELEASE.jar;D:\Maven\LocalWarehouse\junit\junit\4.12\junit-4.12.jar;D:\Maven\LocalWarehouse\org\hamcrest\hamcrest-core\1.3\hamcrest-core-1.3.jar;D:\Maven\LocalWarehouse\mysql\mysql-connector-java\5.1.6\mysql-connector-java-5.1.6.jar;D:\Maven\LocalWarehouse\javax\servlet\javax.servlet-api\3.1.0\javax.servlet-api-3.1.0.jar;D:\Maven\LocalWarehouse\javax\servlet\jsp\jsp-api\2.0\jsp-api-2.0.jar;D:\Maven\LocalWarehouse\jstl\jstl\1.2\jstl-1.2.jar;D:\Maven\LocalWarehouse\log4j\log4j\1.2.12\log4j-1.2.12.jar;D:\Maven\LocalWarehouse\org\slf4j\slf4j-api\1.6.6\slf4j-api-1.6.6.jar;D:\Maven\LocalWarehouse\org\slf4j\slf4j-log4j12\1.6.6\slf4j-log4j12-1.6.6.jar;D:\Maven\LocalWarehouse\org\mybatis\mybatis\3.4.5\mybatis-3.4.5.jar;D:\Maven\LocalWarehouse\org\mybatis\mybatis-spring\1.3.0\mybatis-spring-1.3.0.jar;D:\Maven\LocalWarehouse\c3p0\c3p0\0.9.1.2\c3p0-0.9.1.2.jar;D:\Maven\LocalWarehouse\com\fasterxml\jackson\core\jackson-annotations\2.9.6\jackson-annotations-2.9.6.jar;D:\Maven\LocalWarehouse\com\fasterxml\jackson\core\jackson-databind\2.9.6\jackson-databind-2.9.6.jar;D:\Maven\LocalWarehouse\com\fasterxml\jackson\core\jackson-core\2.9.6\jackson-core-2.9.6.jar;D:\Maven\LocalWarehouse\org\codehaus\jackson\jackson-mapper-asl\1.9.13\jackson-mapper-asl-1.9.13.jar;D:\Maven\LocalWarehouse\org\codehaus\jackson\jackson-core-asl\1.9.13\jackson-core-asl-1.9.13.jar;D:\Maven\LocalWarehouse\com\github\pagehelper\pagehelper\5.1.8\pagehelper-5.1.8.jar;D:\Maven\LocalWarehouse\com\github\jsqlparser\jsqlparser\1.2\jsqlparser-1.2.jar;D:\Maven\LocalWarehouse\com\github\pagehelper\pagehelper-spring-boot-autoconfigure\1.2.10\pagehelper-spring-boot-autoconfigure-1.2.10.jar;D:\Maven\LocalWarehouse\org\springframework\boot\spring-boot-autoconfigure\2.0.1.RELEASE\spring-boot-autoconfigure-2.0.1.RELEASE.jar;D:\Maven\LocalWarehouse\org\springframework\boot\spring-boot\2.0.1.RELEASE\spring-boot-2.0.1.RELEASE.jar;D:\Maven\LocalWarehouse\com\github\pagehelper\pagehelper-spring-boot-starter\1.2.10\pagehelper-spring-boot-starter-1.2.10.jar;D:\Maven\LocalWarehouse\org\springframework\boot\spring-boot-starter\2.0.1.RELEASE\spring-boot-starter-2.0.1.RELEASE.jar;D:\Maven\LocalWarehouse\org\springframework\boot\spring-boot-starter-logging\2.0.1.RELEASE\spring-boot-starter-logging-2.0.1.RELEASE.jar;D:\Maven\LocalWarehouse\ch\qos\logback\logback-classic\1.2.3\logback-classic-1.2.3.jar;D:\Maven\LocalWarehouse\ch\qos\logback\logback-core\1.2.3\logback-core-1.2.3.jar;D:\Maven\LocalWarehouse\org\apache\logging\log4j\log4j-to-slf4j\2.10.0\log4j-to-slf4j-2.10.0.jar;D:\Maven\LocalWarehouse\org\apache\logging\log4j\log4j-api\2.10.0\log4j-api-2.10.0.jar;D:\Maven\LocalWarehouse\org\slf4j\jul-to-slf4j\1.7.25\jul-to-slf4j-1.7.25.jar;D:\Maven\LocalWarehouse\javax\annotation\javax.annotation-api\1.3.2\javax.annotation-api-1.3.2.jar;D:\Maven\LocalWarehouse\org\yaml\snakeyaml\1.19\snakeyaml-1.19.jar;D:\Maven\LocalWarehouse\org\mybatis\spring\boot\mybatis-spring-boot-starter\1.3.2\mybatis-spring-boot-starter-1.3.2.jar;D:\Maven\LocalWarehouse\org\springframework\boot\spring-boot-starter-jdbc\1.5.10.RELEASE\spring-boot-starter-jdbc-1.5.10.RELEASE.jar;D:\Maven\LocalWarehouse\org\apache\tomcat\tomcat-jdbc\8.5.27\tomcat-jdbc-8.5.27.jar;D:\Maven\LocalWarehouse\org\apache\tomcat\tomcat-juli\8.5.27\tomcat-juli-8.5.27.jar;D:\Maven\LocalWarehouse\org\mybatis\spring\boot\mybatis-spring-boot-autoconfigure\1.3.2\mybatis-spring-boot-autoconfigure-1.3.2.jar;D:\Maven\LocalWarehouse\commons-fileupload\commons-fileupload\1.3.1\commons-fileupload-1.3.1.jar;D:\Maven\LocalWarehouse\commons-io\commons-io\2.4\commons-io-2.4.jar;D:\Maven\LocalWarehouse\org\apache\poi\poi-ooxml\4.0.0\poi-ooxml-4.0.0.jar;D:\Maven\LocalWarehouse\org\apache\commons\commons-compress\1.18\commons-compress-1.18.jar;D:\Maven\LocalWarehouse\com\github\virtuald\curvesapi\1.04\curvesapi-1.04.jar;D:\Maven\LocalWarehouse\org\apache\poi\poi\4.0.0\poi-4.0.0.jar;D:\Maven\LocalWarehouse\commons-codec\commons-codec\1.10\commons-codec-1.10.jar;D:\Maven\LocalWarehouse\org\apache\commons\commons-collections4\4.2\commons-collections4-4.2.jar;D:\Maven\LocalWarehouse\org\apache\poi\poi-scratchpad\4.0.0\poi-scratchpad-4.0.0.jar;D:\Maven\LocalWarehouse\org\apache\poi\poi-ooxml-schemas\4.0.0\poi-ooxml-schemas-4.0.0.jar;D:\Maven\LocalWarehouse\org\apache\xmlbeans\xmlbeans\3.0.1\xmlbeans-3.0.1.jar;D:\Maven\LocalWarehouse\org\apache\shiro\shiro-core\1.2.1\shiro-core-1.2.1.jar;D:\Maven\LocalWarehouse\commons-beanutils\commons-beanutils\1.8.3\commons-beanutils-1.8.3.jar;D:\Maven\LocalWarehouse\org\apache\shiro\shiro-web\1.2.1\shiro-web-1.2.1.jar;D:\Maven\LocalWarehouse\org\apache\shiro\shiro-ehcache\1.2.1\shiro-ehcache-1.2.1.jar;D:\Maven\LocalWarehouse\net\sf\ehcache\ehcache-core\2.5.0\ehcache-core-2.5.0.jar;D:\Maven\LocalWarehouse\org\apache\shiro\shiro-spring\1.2.1\shiro-spring-1.2.1.jar;D:\Maven\LocalWarehouse\javax\activation\activation\1.1\activation-1.1.jar;D:\Maven\LocalWarehouse\org\activiti\activiti-bpmn-model\5.22.0\activiti-bpmn-model-5.22.0.jar;D:\Maven\LocalWarehouse\org\apache\commons\commons-lang3\3.3.2\commons-lang3-3.3.2.jar;D:\Maven\LocalWarehouse\org\activiti\activiti-bpmn-converter\5.22.0\activiti-bpmn-converter-5.22.0.jar;D:\Maven\LocalWarehouse\org\slf4j\jcl-over-slf4j\1.7.6\jcl-over-slf4j-1.7.6.jar;D:\Maven\LocalWarehouse\joda-time\joda-time\2.6\joda-time-2.6.jar;D:\Maven\LocalWarehouse\org\activiti\activiti-bpmn-layout\5.22.0\activiti-bpmn-layout-5.22.0.jar;D:\Maven\LocalWarehouse\org\tinyjee\jgraphx\jgraphx\1.10.4.1\jgraphx-1.10.4.1.jar;D:\Maven\LocalWarehouse\org\activiti\activiti-common-rest\5.22.0\activiti-common-rest-5.22.0.jar;D:\Maven\LocalWarehouse\org\activiti\activiti-engine\5.22.0\activiti-engine-5.22.0.jar;D:\Maven\LocalWarehouse\org\apache\commons\commons-email\1.4\commons-email-1.4.jar;D:\Maven\LocalWarehouse\com\sun\mail\javax.mail\1.5.2\javax.mail-1.5.2.jar;D:\Maven\LocalWarehouse\org\activiti\activiti-crystalball\5.22.0\activiti-crystalball-5.22.0.jar;D:\Maven\LocalWarehouse\org\activiti\activiti-diagram-rest\5.22.0\activiti-diagram-rest-5.22.0.jar;D:\Maven\LocalWarehouse\org\springframework\security\spring-security-config\3.2.3.RELEASE\spring-security-config-3.2.3.RELEASE.jar;D:\Maven\LocalWarehouse\aopalliance\aopalliance\1.0\aopalliance-1.0.jar;D:\Maven\LocalWarehouse\org\springframework\security\spring-security-core\3.2.3.RELEASE\spring-security-core-3.2.3.RELEASE.jar;D:\Maven\LocalWarehouse\org\springframework\security\spring-security-crypto\3.2.3.RELEASE\spring-security-crypto-3.2.3.RELEASE.jar;D:\Maven\LocalWarehouse\org\springframework\security\spring-security-web\3.2.3.RELEASE\spring-security-web-3.2.3.RELEASE.jar;D:\Maven\LocalWarehouse\org\activiti\activiti-explorer\5.22.0\activiti-explorer-5.22.0.jar;D:\Maven\LocalWarehouse\org\activiti\activiti-spring\5.22.0\activiti-spring-5.22.0.jar;D:\Maven\LocalWarehouse\org\springframework\spring-orm\4.1.5.RELEASE\spring-orm-4.1.5.RELEASE.jar;D:\Maven\LocalWarehouse\com\vaadin\vaadin\6.8.8\vaadin-6.8.8.jar;D:\Maven\LocalWarehouse\commons-dbcp\commons-dbcp\1.4\commons-dbcp-1.4.jar;D:\Maven\LocalWarehouse\commons-pool\commons-pool\1.5.4\commons-pool-1.5.4.jar;D:\Maven\LocalWarehouse\com\h2database\h2\1.3.176\h2-1.3.176.jar;D:\Maven\LocalWarehouse\org\imgscalr\imgscalr-lib\4.2\imgscalr-lib-4.2.jar;D:\Maven\LocalWarehouse\org\codehaus\groovy\groovy-all\2.4.5\groovy-all-2.4.5.jar;D:\Maven\LocalWarehouse\org\vaadin\addons\dcharts-widget\0.10.0\dcharts-widget-0.10.0.jar;D:\Maven\LocalWarehouse\org\activiti\activiti-image-generator\5.22.0\activiti-image-generator-5.22.0.jar;D:\Maven\LocalWarehouse\org\activiti\activiti-json-converter\5.22.0\activiti-json-converter-5.22.0.jar;D:\Maven\LocalWarehouse\math\geom2d\javaGeom\0.11.1\javaGeom-0.11.1.jar;D:\Maven\LocalWarehouse\org\activiti\activiti-modeler\5.22.0\activiti-modeler-5.22.0.jar;D:\Maven\LocalWarehouse\org\apache\xmlgraphics\batik-parser\1.7\batik-parser-1.7.jar;D:\Maven\LocalWarehouse\org\apache\xmlgraphics\batik-awt-util\1.7\batik-awt-util-1.7.jar;D:\Maven\LocalWarehouse\org\apache\xmlgraphics\batik-util\1.7\batik-util-1.7.jar;D:\Maven\LocalWarehouse\org\apache\xmlgraphics\batik-xml\1.7\batik-xml-1.7.jar;D:\Maven\LocalWarehouse\org\apache\xmlgraphics\batik-transcoder\1.7\batik-transcoder-1.7.jar;D:\Maven\LocalWarehouse\org\apache\xmlgraphics\fop\0.94\fop-0.94.jar;D:\Maven\LocalWarehouse\org\apache\xmlgraphics\xmlgraphics-commons\1.2\xmlgraphics-commons-1.2.jar;D:\Maven\LocalWarehouse\commons-logging\commons-logging\1.0.4\commons-logging-1.0.4.jar;D:\Maven\LocalWarehouse\org\apache\avalon\framework\avalon-framework-api\4.3.1\avalon-framework-api-4.3.1.jar;D:\Maven\LocalWarehouse\org\apache\avalon\framework\avalon-framework-impl\4.3.1\avalon-framework-impl-4.3.1.jar;D:\Maven\LocalWarehouse\org\apache\xmlgraphics\batik-dom\1.7\batik-dom-1.7.jar;D:\Maven\LocalWarehouse\org\apache\xmlgraphics\batik-gvt\1.7\batik-gvt-1.7.jar;D:\Maven\LocalWarehouse\xml-apis\xml-apis-ext\1.3.04\xml-apis-ext-1.3.04.jar;D:\Maven\LocalWarehouse\org\apache\xmlgraphics\batik-bridge\1.7\batik-bridge-1.7.jar;D:\Maven\LocalWarehouse\org\apache\xmlgraphics\batik-anim\1.7\batik-anim-1.7.jar;D:\Maven\LocalWarehouse\org\apache\xmlgraphics\batik-ext\1.7\batik-ext-1.7.jar;D:\Maven\LocalWarehouse\org\apache\xmlgraphics\batik-script\1.7\batik-script-1.7.jar;D:\Maven\LocalWarehouse\org\apache\xmlgraphics\batik-js\1.7\batik-js-1.7.jar;D:\Maven\LocalWarehouse\xml-apis\xml-apis\1.3.04\xml-apis-1.3.04.jar;D:\Maven\LocalWarehouse\org\apache\xmlgraphics\batik-codec\1.7\batik-codec-1.7.jar;D:\Maven\LocalWarehouse\org\apache\xmlgraphics\batik-css\1.7\batik-css-1.7.jar;D:\Maven\LocalWarehouse\org\apache\xmlgraphics\batik-svg-dom\1.7\batik-svg-dom-1.7.jar;D:\Maven\LocalWarehouse\org\apache\xmlgraphics\batik-svggen\1.7\batik-svggen-1.7.jar;D:\Maven\LocalWarehouse\org\activiti\activiti-simple-workflow\5.22.0\activiti-simple-workflow-5.22.0.jar;D:\Maven\LocalWarehouse\org\activiti\activiti-process-validation\5.22.0\activiti-process-validation-5.22.0.jar;"/>
    <property name="sun.cpu.endian" value="little"/>
    <property name="user.home" value="C:\Users\61958"/>
    <property name="user.language" value="zh"/>
    <property name="java.specification.vendor" value="Oracle Corporation"/>
    <property name="java.home" value="D:\Java\jdk-9"/>
    <property name="file.separator" value="\"/>
    <property name="basedir" value="D:\GraduationProject\PmOA"/>
    <property name="java.vm.compressedOopsMode" value="32-bit"/>
    <property name="line.separator" value="&#10;"/>
    <property name="java.vm.specification.vendor" value="Oracle Corporation"/>
    <property name="java.specification.name" value="Java Platform API Specification"/>
    <property name="java.awt.graphicsenv" value="sun.awt.Win32GraphicsEnvironment"/>
    <property name="surefire.real.class.path" value="C:\Users\61958\AppData\Local\Temp\surefire4481374743422120994\surefirebooter12736317421967831521.jar"/>
    <property name="user.script" value=""/>
    <property name="sun.management.compiler" value="HotSpot 64-Bit Tiered Compilers"/>
    <property name="java.runtime.version" value="9+181"/>
    <property name="user.name" value="61958"/>
    <property name="path.separator" value=";"/>
    <property name="os.version" value="10.0"/>
    <property name="java.runtime.name" value="Java(TM) SE Runtime Environment"/>
    <property name="file.encoding" value="GBK"/>
    <property name="java.vm.name" value="Java HotSpot(TM) 64-Bit Server VM"/>
    <property name="localRepository" value="D:\Maven\LocalWarehouse"/>
    <property name="java.vendor.url.bug" value="http://bugreport.java.com/bugreport/"/>
    <property name="java.io.tmpdir" value="C:\Users\61958\AppData\Local\Temp\"/>
    <property name="java.version" value="9"/>
    <property name="user.dir" value="D:\GraduationProject\PmOA"/>
    <property name="os.arch" value="amd64"/>
    <property name="java.vm.specification.name" value="Java Virtual Machine Specification"/>
    <property name="java.awt.printerjob" value="sun.awt.windows.WPrinterJob"/>
    <property name="sun.os.patch.level" value=""/>
    <property name="idea.version2019.3.3" value="true"/>
    <property name="java.library.path" value="D:\Java\jdk-9\bin;C:\Windows\Sun\Java\bin;C:\Windows\system32;C:\Windows;D:\Xftp 6\;D:\Xshell\;C:\ProgramData\Oracle\Java\javapath;C:\Windows\system32;C:\Windows;C:\Windows\System32\Wbem;C:\Windows\System32\WindowsPowerShell\v1.0\;C:\Windows\System32\OpenSSH\;C:\Android;C:\Windows\System32;D:\Java\jdk-9\bin;C:\Program Files (x86)\Intel\Intel(R) Management Engine Components\DAL;C:\Program Files\Intel\Intel(R) Management Engine Components\DAL;D:\Maven\apache-maven-3.6.3\bin;;C:\Program Files (x86)\NVIDIA Corporation\PhysX\Common;C:\Program Files\NVIDIA Corporation\NVIDIA NvDLISR;D:\Python\Python38-32\Scripts\;D:\Python\Python38-32\;C:\Program Files\MySQL\MySQL Shell 8.0\bin\;C:\Users\61958\AppData\Local\Microsoft\WindowsApps;D:\JetBrains\IntelliJ IDEA 2019.3.3\bin;;D:\Bandzip\;D:\JetBrains\PyCharm 2019.3.3\bin;;D:\VSCode\bin;."/>
    <property name="java.vm.info" value="mixed mode"/>
    <property name="java.vendor" value="Oracle Corporation"/>
    <property name="java.vm.version" value="9+181"/>
    <property name="sun.io.unicode.encoding" value="UnicodeLittle"/>
    <property name="java.class.version" value="53.0"/>
  </properties>
  <testcase name="testFindAll" classname="com.test.mybatis.TestCheckMybatis" time="0.096"/>
  <testcase name="test1" classname="com.test.mybatis.TestCheckMybatis" time="0.072">
    <error message="&#10;### Error updating database.  Cause: com.mysql.jdbc.exceptions.jdbc4.MySQLIntegrityConstraintViolationException: Duplicate entry &apos;76543&apos; for key &apos;PRIMARY&apos;&#10;### The error may involve com.policymanage.dao.CheckDao.insertCheck-Inline&#10;### The error occurred while setting parameters&#10;### SQL: insert into `check`(c_id, c_time, c_result, c_remark) values(?, ?, ?, ?)&#10;### Cause: com.mysql.jdbc.exceptions.jdbc4.MySQLIntegrityConstraintViolationException: Duplicate entry &apos;76543&apos; for key &apos;PRIMARY&apos;" type="org.apache.ibatis.exceptions.PersistenceException">org.apache.ibatis.exceptions.PersistenceException: 

### Error updating database.  Cause: com.mysql.jdbc.exceptions.jdbc4.MySQLIntegrityConstraintViolationException: Duplicate entry '76543' for key 'PRIMARY'
### The error may involve com.policymanage.dao.CheckDao.insertCheck-Inline
### The error occurred while setting parameters
### SQL: insert into `check`(c_id, c_time, c_result, c_remark) values(?, ?, ?, ?)
### Cause: com.mysql.jdbc.exceptions.jdbc4.MySQLIntegrityConstraintViolationException: Duplicate entry '76543' for key 'PRIMARY'
	at com.test.mybatis.TestCheckMybatis.test1(TestCheckMybatis.java:56)
Caused by: com.mysql.jdbc.exceptions.jdbc4.MySQLIntegrityConstraintViolationException: Duplicate entry '76543' for key 'PRIMARY'
	at com.test.mybatis.TestCheckMybatis.test1(TestCheckMybatis.java:56)
</error>
  </testcase>
  <testcase name="test2" classname="com.test.mybatis.TestCheckMybatis" time="0.069"/>
</testsuite>